<?xml version="1.0" encoding="UTF-8"?>
<!-- Generated by org.testng.reporters.JUnitXMLReporter -->
<testsuite hostname="VamsiReddy-PC" ignored="0" name="TC Survey" tests="5" failures="0" timestamp="11 May 2021 08:02:10 GMT" time="144.802" errors="0">
  <testcase name="TCCreation" time="31.455" classname="com.ps.Test.TrafficChannels"/>
  <testcase name="tcchild" time="39.996" classname="com.ps.Test.TrafficChannels"/>
  <testcase name="verifyTC" time="13.227" classname="com.ps.Test.TrafficChannels"/>
  <testcase name="TCSearch" time="9.512" classname="com.ps.Test.TrafficChannels"/>
  <testcase name="TCStatus" time="50.496" classname="com.ps.Test.TrafficChannels"/>
</testsuite> <!-- TC Survey -->
